<?xml version="1.0" encoding="UTF-8"?>
<?xml-model href="https://tei-c.org/release/xml/tei/custom/schema/relaxng/tei_all.rng" type="application/xml" schematypens="http://relaxng.org/ns/structure/1.0"?>
<?xml-stylesheet type="text/css" href="https://cwrc.ca/templates/css/tei.css"?>
<TEI xmlns="http://www.tei-c.org/ns/1.0" xmlns:rdf="http://www.w3.org/1999/02/22-rdf-syntax-ns#">
	
	<teiHeader><fileDesc>
			<titleStmt>
				<title>MONA Heritage data test</title>
			</titleStmt>
			<publicationStmt>
				<p/>
			</publicationStmt>
			<notesStmt>
				<note type="abstract">Descriptions of heritage data in MONA</note>
			</notesStmt>
			<sourceDesc sameAs="http://www.cwrc.ca">
				<p>Created from 5 open dataset by MCC on donneesquebec.</p>
			</sourceDesc>
		</fileDesc><xenoData><rdf:RDF xmlns:rdf="http://www.w3.org/1999/02/22-rdf-syntax-ns#" xmlns:rdfs="http://www.w3.org/2000/01/rdf-schema#" xmlns:as="http://www.w3.org/ns/activitystreams#" xmlns:cwrc="http://sparql.cwrc.ca/ontologies/cwrc#" xmlns:dc="http://purl.org/dc/elements/1.1/" xmlns:dcterms="http://purl.org/dc/terms/" xmlns:foaf="http://xmlns.com/foaf/0.1/" xmlns:geo="http://www.geonames.org/ontology#" xmlns:oa="http://www.w3.org/ns/oa#" xmlns:schema="http://schema.org/" xmlns:xsd="http://www.w3.org/2001/XMLSchema#" xmlns:fabio="https://purl.org/spar/fabio#" xmlns:bf="http://www.openlinksw.com/schemas/bif#" xmlns:cito="https://sparontologies.github.io/cito/current/cito.html#" xmlns:org="http://www.w3.org/ns/org#">
        <rdf:Description rdf:datatype="http://www.w3.org/TR/json-ld/">
          <![CDATA[{
	"@context": {
		"dcterms:created": {
			"@type": "xsd:dateTime",
			"@id": "dcterms:created"
		},
		"dcterms:issued": {
			"@type": "xsd:dateTime",
			"@id": "dcterms:issued"
		},
		"oa:motivatedBy": {
			"@type": "oa:Motivation"
		},
		"@language": "en",
		"rdf": "http://www.w3.org/1999/02/22-rdf-syntax-ns#",
		"rdfs": "http://www.w3.org/2000/01/rdf-schema#",
		"as": "http://www.w3.org/ns/activitystreams#",
		"cwrc": "http://sparql.cwrc.ca/ontologies/cwrc#",
		"dc": "http://purl.org/dc/elements/1.1/",
		"dcterms": "http://purl.org/dc/terms/",
		"foaf": "http://xmlns.com/foaf/0.1/",
		"geo": "http://www.geonames.org/ontology#",
		"oa": "http://www.w3.org/ns/oa#",
		"schema": "http://schema.org/",
		"xsd": "http://www.w3.org/2001/XMLSchema#",
		"fabio": "https://purl.org/spar/fabio#",
		"bf": "http://www.openlinksw.com/schemas/bif#",
		"cito": "https://sparontologies.github.io/cito/current/cito.html#",
		"org": "http://www.w3.org/ns/org#"
	},
	"id": "https://raw.githubusercontent.com/lenaMK/leaf-training/main/getting_started/test-MONA-heritages-1.xml?date_annotation_20190814164849331",
	"type": "oa:Annotation",
	"dcterms:created": "2019-08-14T20:48:49.331Z",
	"dcterms:modified": "2019-08-14T20:48:49.331Z",
	"dcterms:creator": {
		"@id": "https://github.com/ilovan",
		"@type": [
			"cwrc:NaturalPerson",
			"schema:Person"
		],
		"cwrc:hasName": "Mihaela Ilovan",
		"foaf:nick": "ilovan"
	},
	"oa:motivatedBy": "oa:identifying",
	"oa:hasTarget": {
		"@id": "https://raw.githubusercontent.com/lenaMK/leaf-training/main/getting_started/test-MONA-heritages-1.xml?date_annotation_20190814164849331#Target",
		"@type": "oa:SpecificResource",
		"oa:hasSource": {
			"@id": "https://raw.githubusercontent.com/lenaMK/leaf-training/main/getting_started/test-MONA-heritages-1.xml",
			"@type": "dctypes:Text",
			"dc:format": "text/xml"
		},
		"oa:renderedVia": {
			"@id": "https://leaf-writer.leaf-vre.org",
			"@type": "as:Application",
			"rdfs:label": "LEAF-Writer",
			"schema:softwareVersion": "3.0.1"
		},
		"oa:hasSelector": {
			"@id": "https://raw.githubusercontent.com/lenaMK/leaf-training/main/getting_started/test-MONA-heritages-1.xml?date_annotation_20190814164849331#Selector",
			"@type": "oa:XPathSelector",
			"rdf:value": "TEI/text/body/div[2]/note[2]/date"
		}
	},
	"oa:hasBody": {
		"@type": "xsd:date",
		"rdf:value": "1934"
	},
	"as:generator": {
		"@id": "https://leaf-writer.leaf-vre.org",
		"@type": "as:Application",
		"rdfs:label": "LEAF-Writer",
		"schema:url": "https://leaf-writer.lincsproject.ca/",
		"schema:softwareVersion": "3.0.1"
	},
	"cwrc:hasCertainty": "cwrc:definite"
}]]>
        </rdf:Description>
      
        <rdf:Description rdf:datatype="http://www.w3.org/TR/json-ld/">
          <![CDATA[{
	"@context": {
		"dcterms:created": {
			"@type": "xsd:dateTime",
			"@id": "dcterms:created"
		},
		"dcterms:issued": {
			"@type": "xsd:dateTime",
			"@id": "dcterms:issued"
		},
		"oa:motivatedBy": {
			"@type": "oa:Motivation"
		},
		"@language": "en",
		"rdf": "http://www.w3.org/1999/02/22-rdf-syntax-ns#",
		"rdfs": "http://www.w3.org/2000/01/rdf-schema#",
		"as": "http://www.w3.org/ns/activitystreams#",
		"cwrc": "http://sparql.cwrc.ca/ontologies/cwrc#",
		"dc": "http://purl.org/dc/elements/1.1/",
		"dcterms": "http://purl.org/dc/terms/",
		"foaf": "http://xmlns.com/foaf/0.1/",
		"geo": "http://www.geonames.org/ontology#",
		"oa": "http://www.w3.org/ns/oa#",
		"schema": "http://schema.org/",
		"xsd": "http://www.w3.org/2001/XMLSchema#",
		"fabio": "https://purl.org/spar/fabio#",
		"bf": "http://www.openlinksw.com/schemas/bif#",
		"cito": "https://sparontologies.github.io/cito/current/cito.html#",
		"org": "http://www.w3.org/ns/org#"
	},
	"id": "https://raw.githubusercontent.com/lenaMK/leaf-training/main/getting_started/test-MONA-heritages-1.xml?link_annotation_20190814164849333",
	"type": "oa:Annotation",
	"dcterms:created": "2019-08-14T20:48:49.333Z",
	"dcterms:modified": "2019-08-14T20:48:49.333Z",
	"dcterms:creator": {
		"@id": "https://github.com/ilovan",
		"@type": [
			"cwrc:NaturalPerson",
			"schema:Person"
		],
		"cwrc:hasName": "Mihaela Ilovan",
		"foaf:nick": "ilovan"
	},
	"oa:motivatedBy": "oa:linking",
	"oa:hasTarget": {
		"@id": "https://raw.githubusercontent.com/lenaMK/leaf-training/main/getting_started/test-MONA-heritages-1.xml?link_annotation_20190814164849333#Target",
		"@type": "oa:SpecificResource",
		"oa:hasSource": {
			"@id": "https://raw.githubusercontent.com/lenaMK/leaf-training/main/getting_started/test-MONA-heritages-1.xml",
			"@type": "dctypes:Text",
			"dc:format": "text/xml"
		},
		"oa:renderedVia": {
			"@id": "https://leaf-writer.leaf-vre.org",
			"@type": "as:Application",
			"rdfs:label": "LEAF-Writer",
			"schema:softwareVersion": "3.0.1"
		},
		"oa:hasSelector": {
			"@id": "https://raw.githubusercontent.com/lenaMK/leaf-training/main/getting_started/test-MONA-heritages-1.xml?link_annotation_20190814164849333#Selector",
			"@type": "oa:XPathSelector",
			"rdf:value": "TEI/text/body/div[3]/note[2]/ref"
		}
	},
	"oa:hasBody": {
		"@id": "http://cufts2.lib.sfu.ca/CRDB4/BVAS/resource/5724",
		"@type": "cnt:ContentAsText"
	},
	"as:generator": {
		"@id": "https://leaf-writer.leaf-vre.org",
		"@type": "as:Application",
		"rdfs:label": "LEAF-Writer",
		"schema:url": "https://leaf-writer.lincsproject.ca/",
		"schema:softwareVersion": "3.0.1"
	}
}]]>
        </rdf:Description>
      
        <rdf:Description rdf:datatype="http://www.w3.org/TR/json-ld/">
          <![CDATA[{
	"@context": {
		"dcterms:created": {
			"@type": "xsd:dateTime",
			"@id": "dcterms:created"
		},
		"dcterms:issued": {
			"@type": "xsd:dateTime",
			"@id": "dcterms:issued"
		},
		"oa:motivatedBy": {
			"@type": "oa:Motivation"
		},
		"@language": "en",
		"rdf": "http://www.w3.org/1999/02/22-rdf-syntax-ns#",
		"rdfs": "http://www.w3.org/2000/01/rdf-schema#",
		"as": "http://www.w3.org/ns/activitystreams#",
		"cwrc": "http://sparql.cwrc.ca/ontologies/cwrc#",
		"dc": "http://purl.org/dc/elements/1.1/",
		"dcterms": "http://purl.org/dc/terms/",
		"foaf": "http://xmlns.com/foaf/0.1/",
		"geo": "http://www.geonames.org/ontology#",
		"oa": "http://www.w3.org/ns/oa#",
		"schema": "http://schema.org/",
		"xsd": "http://www.w3.org/2001/XMLSchema#",
		"fabio": "https://purl.org/spar/fabio#",
		"bf": "http://www.openlinksw.com/schemas/bif#",
		"cito": "https://sparontologies.github.io/cito/current/cito.html#",
		"org": "http://www.w3.org/ns/org#"
	},
	"id": "https://raw.githubusercontent.com/lenaMK/leaf-training/main/getting_started/test-MONA-heritages-1.xml?organization_annotation_20190814164849334",
	"type": "oa:Annotation",
	"dcterms:created": "2019-08-14T20:48:49.334Z",
	"dcterms:modified": "2019-08-14T20:48:49.334Z",
	"dcterms:creator": {
		"@id": "https://github.com/ilovan",
		"@type": [
			"cwrc:NaturalPerson",
			"schema:Person"
		],
		"cwrc:hasName": "Mihaela Ilovan",
		"foaf:nick": "ilovan"
	},
	"oa:motivatedBy": "oa:identifying",
	"oa:hasTarget": {
		"@id": "https://raw.githubusercontent.com/lenaMK/leaf-training/main/getting_started/test-MONA-heritages-1.xml?organization_annotation_20190814164849334#Target",
		"@type": "oa:SpecificResource",
		"oa:hasSource": {
			"@id": "https://raw.githubusercontent.com/lenaMK/leaf-training/main/getting_started/test-MONA-heritages-1.xml",
			"@type": "dctypes:Text",
			"dc:format": "text/xml"
		},
		"oa:renderedVia": {
			"@id": "https://leaf-writer.leaf-vre.org",
			"@type": "as:Application",
			"rdfs:label": "LEAF-Writer",
			"schema:softwareVersion": "3.0.1"
		},
		"oa:hasSelector": {
			"@id": "https://raw.githubusercontent.com/lenaMK/leaf-training/main/getting_started/test-MONA-heritages-1.xml?organization_annotation_20190814164849334#Selector",
			"@type": "oa:XPathSelector",
			"rdf:value": "TEI/text/body/div[4]/note/orgName"
		}
	},
	"oa:hasBody": {
		"@type": "org:Organization",
		"@id": "http://viaf.org/viaf/151283596",
		"dc:format": "text/plain"
	},
	"as:generator": {
		"@id": "https://leaf-writer.leaf-vre.org",
		"@type": "as:Application",
		"rdfs:label": "LEAF-Writer",
		"schema:url": "https://leaf-writer.lincsproject.ca/",
		"schema:softwareVersion": "3.0.1"
	},
	"cwrc:hasCertainty": "cwrc:medium"
}]]>
        </rdf:Description>
      
        <rdf:Description rdf:datatype="http://www.w3.org/TR/json-ld/">
          <![CDATA[{
	"@context": {
		"dcterms:created": {
			"@type": "xsd:dateTime",
			"@id": "dcterms:created"
		},
		"dcterms:issued": {
			"@type": "xsd:dateTime",
			"@id": "dcterms:issued"
		},
		"oa:motivatedBy": {
			"@type": "oa:Motivation"
		},
		"@language": "en",
		"rdf": "http://www.w3.org/1999/02/22-rdf-syntax-ns#",
		"rdfs": "http://www.w3.org/2000/01/rdf-schema#",
		"as": "http://www.w3.org/ns/activitystreams#",
		"cwrc": "http://sparql.cwrc.ca/ontologies/cwrc#",
		"dc": "http://purl.org/dc/elements/1.1/",
		"dcterms": "http://purl.org/dc/terms/",
		"foaf": "http://xmlns.com/foaf/0.1/",
		"geo": "http://www.geonames.org/ontology#",
		"oa": "http://www.w3.org/ns/oa#",
		"schema": "http://schema.org/",
		"xsd": "http://www.w3.org/2001/XMLSchema#",
		"fabio": "https://purl.org/spar/fabio#",
		"bf": "http://www.openlinksw.com/schemas/bif#",
		"cito": "https://sparontologies.github.io/cito/current/cito.html#",
		"org": "http://www.w3.org/ns/org#"
	},
	"id": "https://raw.githubusercontent.com/lenaMK/leaf-training/main/getting_started/test-MONA-heritages-1.xml?correction_annotation_20190814164849405",
	"type": "oa:Annotation",
	"dcterms:created": "2019-08-14T20:48:49.405Z",
	"dcterms:modified": "2019-08-14T20:48:49.405Z",
	"dcterms:creator": {
		"@id": "https://github.com/ilovan",
		"@type": [
			"cwrc:NaturalPerson",
			"schema:Person"
		],
		"cwrc:hasName": "Mihaela Ilovan",
		"foaf:nick": "ilovan"
	},
	"oa:motivatedBy": "oa:editing",
	"oa:hasTarget": {
		"@id": "https://raw.githubusercontent.com/lenaMK/leaf-training/main/getting_started/test-MONA-heritages-1.xml?correction_annotation_20190814164849405#Target",
		"@type": "oa:SpecificResource",
		"oa:hasSource": {
			"@id": "https://raw.githubusercontent.com/lenaMK/leaf-training/main/getting_started/test-MONA-heritages-1.xml",
			"@type": "dctypes:Text",
			"dc:format": "text/xml"
		},
		"oa:renderedVia": {
			"@id": "https://leaf-writer.leaf-vre.org",
			"@type": "as:Application",
			"rdfs:label": "LEAF-Writer",
			"schema:softwareVersion": "3.0.1"
		},
		"oa:hasSelector": {
			"@id": "https://raw.githubusercontent.com/lenaMK/leaf-training/main/getting_started/test-MONA-heritages-1.xml?correction_annotation_20190814164849405#Selector",
			"@type": "oa:XPathSelector",
			"rdf:value": "TEI/text/body/div[4]/head/choice"
		}
	},
	"oa:hasBody": {
		"@type": "fabio:Correction",
		"dc:format": "text/xml",
		"rdf:value": "Bibliography"
	},
	"as:generator": {
		"@id": "https://leaf-writer.leaf-vre.org",
		"@type": "as:Application",
		"rdfs:label": "LEAF-Writer",
		"schema:url": "https://leaf-writer.lincsproject.ca/",
		"schema:softwareVersion": "3.0.1"
	}
}]]>
        </rdf:Description>
      
        <rdf:Description rdf:datatype="http://www.w3.org/TR/json-ld/">
          <![CDATA[{
	"@context": {
		"dcterms:created": {
			"@type": "xsd:dateTime",
			"@id": "dcterms:created"
		},
		"dcterms:issued": {
			"@type": "xsd:dateTime",
			"@id": "dcterms:issued"
		},
		"oa:motivatedBy": {
			"@type": "oa:Motivation"
		},
		"@language": "en",
		"rdf": "http://www.w3.org/1999/02/22-rdf-syntax-ns#",
		"rdfs": "http://www.w3.org/2000/01/rdf-schema#",
		"as": "http://www.w3.org/ns/activitystreams#",
		"cwrc": "http://sparql.cwrc.ca/ontologies/cwrc#",
		"dc": "http://purl.org/dc/elements/1.1/",
		"dcterms": "http://purl.org/dc/terms/",
		"foaf": "http://xmlns.com/foaf/0.1/",
		"geo": "http://www.geonames.org/ontology#",
		"oa": "http://www.w3.org/ns/oa#",
		"schema": "http://schema.org/",
		"xsd": "http://www.w3.org/2001/XMLSchema#",
		"fabio": "https://purl.org/spar/fabio#",
		"bf": "http://www.openlinksw.com/schemas/bif#",
		"cito": "https://sparontologies.github.io/cito/current/cito.html#",
		"org": "http://www.w3.org/ns/org#"
	},
	"id": "https://raw.githubusercontent.com/lenaMK/leaf-training/main/getting_started/test-MONA-heritages-1.xml?person_annotation_20190814164849407",
	"type": "oa:Annotation",
	"dcterms:created": "2019-08-14T20:48:49.407Z",
	"dcterms:modified": "2019-08-14T20:48:49.407Z",
	"dcterms:creator": {
		"@id": "https://github.com/ilovan",
		"@type": [
			"cwrc:NaturalPerson",
			"schema:Person"
		],
		"cwrc:hasName": "Mihaela Ilovan",
		"foaf:nick": "ilovan"
	},
	"oa:motivatedBy": "oa:identifying",
	"oa:hasTarget": {
		"@id": "https://raw.githubusercontent.com/lenaMK/leaf-training/main/getting_started/test-MONA-heritages-1.xml?person_annotation_20190814164849407#Target",
		"@type": "oa:SpecificResource",
		"oa:hasSource": {
			"@id": "https://raw.githubusercontent.com/lenaMK/leaf-training/main/getting_started/test-MONA-heritages-1.xml",
			"@type": "dctypes:Text",
			"dc:format": "text/xml"
		},
		"oa:renderedVia": {
			"@id": "https://leaf-writer.leaf-vre.org",
			"@type": "as:Application",
			"rdfs:label": "LEAF-Writer",
			"schema:softwareVersion": "3.0.1"
		},
		"oa:hasSelector": {
			"@id": "https://raw.githubusercontent.com/lenaMK/leaf-training/main/getting_started/test-MONA-heritages-1.xml?person_annotation_20190814164849407#Selector",
			"@type": "oa:XPathSelector",
			"rdf:value": "TEI/text/body/div[4]/note[2]/persName"
		}
	},
	"oa:hasBody": {
		"@type": "cwrc:NaturalPerson",
		"@id": "http://viaf.org/viaf/78272387",
		"dc:format": "text/plain"
	},
	"as:generator": {
		"@id": "https://leaf-writer.leaf-vre.org",
		"@type": "as:Application",
		"rdfs:label": "LEAF-Writer",
		"schema:url": "https://leaf-writer.lincsproject.ca/",
		"schema:softwareVersion": "3.0.1"
	},
	"cwrc:hasCertainty": "cwrc:high"
}]]>
        </rdf:Description>
      
        <rdf:Description rdf:datatype="http://www.w3.org/TR/json-ld/">
          <![CDATA[{
	"@context": {
		"dcterms:created": {
			"@type": "xsd:dateTime",
			"@id": "dcterms:created"
		},
		"dcterms:issued": {
			"@type": "xsd:dateTime",
			"@id": "dcterms:issued"
		},
		"oa:motivatedBy": {
			"@type": "oa:Motivation"
		},
		"@language": "en",
		"rdf": "http://www.w3.org/1999/02/22-rdf-syntax-ns#",
		"rdfs": "http://www.w3.org/2000/01/rdf-schema#",
		"as": "http://www.w3.org/ns/activitystreams#",
		"cwrc": "http://sparql.cwrc.ca/ontologies/cwrc#",
		"dc": "http://purl.org/dc/elements/1.1/",
		"dcterms": "http://purl.org/dc/terms/",
		"foaf": "http://xmlns.com/foaf/0.1/",
		"geo": "http://www.geonames.org/ontology#",
		"oa": "http://www.w3.org/ns/oa#",
		"schema": "http://schema.org/",
		"xsd": "http://www.w3.org/2001/XMLSchema#",
		"fabio": "https://purl.org/spar/fabio#",
		"bf": "http://www.openlinksw.com/schemas/bif#",
		"cito": "https://sparontologies.github.io/cito/current/cito.html#",
		"org": "http://www.w3.org/ns/org#"
	},
	"id": "https://raw.githubusercontent.com/lenaMK/leaf-training/main/getting_started/test-MONA-heritages-1.xml?title_annotation_20190814164849409",
	"type": "oa:Annotation",
	"dcterms:created": "2019-08-14T20:48:49.409Z",
	"dcterms:modified": "2019-08-14T20:48:49.409Z",
	"dcterms:creator": {
		"@id": "https://github.com/ilovan",
		"@type": [
			"cwrc:NaturalPerson",
			"schema:Person"
		],
		"cwrc:hasName": "Mihaela Ilovan",
		"foaf:nick": "ilovan"
	},
	"oa:motivatedBy": "oa:identifying",
	"oa:hasTarget": {
		"@id": "https://raw.githubusercontent.com/lenaMK/leaf-training/main/getting_started/test-MONA-heritages-1.xml?title_annotation_20190814164849409#Target",
		"@type": "oa:SpecificResource",
		"oa:hasSource": {
			"@id": "https://raw.githubusercontent.com/lenaMK/leaf-training/main/getting_started/test-MONA-heritages-1.xml",
			"@type": "dctypes:Text",
			"dc:format": "text/xml"
		},
		"oa:renderedVia": {
			"@id": "https://leaf-writer.leaf-vre.org",
			"@type": "as:Application",
			"rdfs:label": "LEAF-Writer",
			"schema:softwareVersion": "3.0.1"
		},
		"oa:hasSelector": {
			"@id": "https://raw.githubusercontent.com/lenaMK/leaf-training/main/getting_started/test-MONA-heritages-1.xml?title_annotation_20190814164849409#Selector",
			"@type": "oa:XPathSelector",
			"rdf:value": "TEI/text/body/div[2]/note[2]/title"
		}
	},
	"oa:hasBody": {
		"@type": "bf:Title",
		"@id": "http://viaf.org/viaf/179269842",
		"dc:format": "text/plain"
	},
	"as:generator": {
		"@id": "https://leaf-writer.leaf-vre.org",
		"@type": "as:Application",
		"rdfs:label": "LEAF-Writer",
		"schema:url": "https://leaf-writer.lincsproject.ca/",
		"schema:softwareVersion": "3.0.1"
	}
}]]>
        </rdf:Description>
      
        <rdf:Description rdf:datatype="http://www.w3.org/TR/json-ld/">
          <![CDATA[{
	"@context": {
		"dcterms:created": {
			"@type": "xsd:dateTime",
			"@id": "dcterms:created"
		},
		"dcterms:issued": {
			"@type": "xsd:dateTime",
			"@id": "dcterms:issued"
		},
		"oa:motivatedBy": {
			"@type": "oa:Motivation"
		},
		"@language": "en",
		"rdf": "http://www.w3.org/1999/02/22-rdf-syntax-ns#",
		"rdfs": "http://www.w3.org/2000/01/rdf-schema#",
		"as": "http://www.w3.org/ns/activitystreams#",
		"cwrc": "http://sparql.cwrc.ca/ontologies/cwrc#",
		"dc": "http://purl.org/dc/elements/1.1/",
		"dcterms": "http://purl.org/dc/terms/",
		"foaf": "http://xmlns.com/foaf/0.1/",
		"geo": "http://www.geonames.org/ontology#",
		"oa": "http://www.w3.org/ns/oa#",
		"schema": "http://schema.org/",
		"xsd": "http://www.w3.org/2001/XMLSchema#",
		"fabio": "https://purl.org/spar/fabio#",
		"bf": "http://www.openlinksw.com/schemas/bif#",
		"cito": "https://sparontologies.github.io/cito/current/cito.html#",
		"org": "http://www.w3.org/ns/org#"
	},
	"id": "https://raw.githubusercontent.com/lenaMK/leaf-training/main/getting_started/test-MONA-heritages-1.xml?place_annotation_20230511142318319",
	"type": "oa:Annotation",
	"dcterms:created": "2023-05-11T18:23:18.319Z",
	"dcterms:modified": "2023-05-11T18:23:18.319Z",
	"dcterms:creator": {
		"@id": "https://github.com/lenaMK",
		"@type": [
			"cwrc:NaturalPerson",
			"schema:Person"
		],
		"cwrc:hasName": "Lena Krause"
	},
	"oa:motivatedBy": "oa:identifying",
	"oa:hasTarget": {
		"@id": "https://raw.githubusercontent.com/lenaMK/leaf-training/main/getting_started/test-MONA-heritages-1.xml?place_annotation_20230511142318319#Target",
		"@type": "oa:SpecificResource",
		"oa:hasSource": {
			"@id": "https://raw.githubusercontent.com/lenaMK/leaf-training/main/getting_started/test-MONA-heritages-1.xml",
			"@type": "dctypes:Text",
			"dc:format": "text/xml"
		},
		"oa:renderedVia": {
			"@id": "https://leaf-writer.leaf-vre.org",
			"@type": "as:Application",
			"rdfs:label": "LEAF-Writer",
			"schema:softwareVersion": "3.0.1"
		},
		"oa:hasSelector": {
			"@id": "https://raw.githubusercontent.com/lenaMK/leaf-training/main/getting_started/test-MONA-heritages-1.xml?place_annotation_20230511142318319#Selector",
			"@type": "oa:XPathSelector",
			"rdf:value": "TEI/text/body/div/div/p[2]/placeName"
		}
	},
	"oa:hasBody": {
		"@type": "cwrc:RealPlace",
		"@id": "https://geonames.org/5918073",
		"dc:format": "text/plain"
	},
	"as:generator": {
		"@id": "https://leaf-writer.leaf-vre.org",
		"@type": "as:Application",
		"rdfs:label": "LEAF-Writer",
		"schema:url": "https://leaf-writer.lincsproject.ca/",
		"schema:softwareVersion": "3.0.1"
	}
}]]>
        </rdf:Description>
      </rdf:RDF></xenoData></teiHeader>
	<text>
		<body>
			<div type="prose">
				<head>Hôtel de ville</head><div cert="high" org="composite" part="Y" sample="initial" type="synthesis" xml:space="default"><p/><p>Le hameau de <placeName key="Cassville Quebec Canada" ref="https://geonames.org/5918073" cert="medium">Cassville</placeName> est fondé en 1799 par un groupe formé à Epson, au New Hampshire. Les " Nine Partners " incluent les trois frères Cass, qui donnent leur nom à l'emplacement. De foi protestante, le groupe construit rapidement les deux édifices constituant le coeur du village, soit l'église méthodiste (1806) et l'école (1817).</p><p>L'hôtel de ville, servant à l'origine d'école, aurait été construit par corvées, sur une propriété privée. L'école fonctionne grâce aux frais de scolarité et aux contributions volontaires des parents. En 1829, le gouvernement du Bas-Canada promulgue la Loi des écoles de syndics, ce qui permet l'octroi de subventions couvrant le salaire des maîtres, dont profite l'école de Cassville. Le nombre d'élèves augmente rapidement, et l'école jouit d'une bonne réputation; elle acquiert le statut d'académie en 1856. Une subvention importante est alors versée, incluant des fonds pour construire un nouvel édifice, ce qui ne sera jamais réalisé. Dès 1859, les élèves francophones sont admis à l'académie. À partir de 1861, le nombre d'élèves décroît. En 1871, l'institution redevient une simple école élémentaire. En 1875, l'école devient publique à la suite de son achat par la Corporation des commissaires d'écoles du Canton de Stanstead. Le nombre d'élèves diminue au point où l'école ferme en 1913. En 1917, la commission scolaire catholique loue l'édifice. Il est ouvert pour les protestants en 1920 et en 1921, puis est à nouveau loué par la commission scolaire catholique en 1923.</p><p>En 1929, la population vote une résolution pour que l'hôtel de ville, servant encore d'école, soit utilisé comme centre communautaire. Le grenier, utilisé autrefois pour héberger l'enseignant et quelques pensionnaires, est occupé par l'Independent Order of Good Temperance, la société d'histoire, puis par le Women's Institute. La commission scolaire catholique loue à nouveau l'édifice de 1942 à 1953.</p><p>En 1947, la commission scolaire protestante vend l'édifice à la Corporation municipale de Stanstead-Est. Le grenier est utilisé durant quelques années pour les réunions municipales, les danses et les événements sociaux. En 1950, l'édifice commence à servir d'hôtel de ville. En 1987, la démolition de l'hôtel de ville est considérée afin de permettre la construction d'un nouvel édifice municipal.</p><p>L'hôtel de ville est cité en 1988. La même année, des réparations sont faites aux fondations. En 1989, des travaux sont effectués pour réparer le perron, repeindre l'extérieur de l'édifice et remplacer les fenêtres. Le bâtiment sert encore d'hôtel de ville pour la municipalité de Stanstead-Est.</p></div><div cert="high" org="composite" part="Y" sample="initial" type="description" xml:space="default"><p>L'hôtel de ville est un édifice scolaire bâti en 1817. Le bâtiment en bois, de plan rectangulaire, compte un étage et demi et est coiffé d'un toit à deux versants droits. Aménagée dans l'un des murs pignons, la façade principale comporte un porche dans-oeuvre surmonté de deux fenêtres rectangulaires. Une annexe est construite à l'arrière de l'édifice. L'hôtel de ville est situé légèrement en retrait de la voie publique, dans le lieu-dit de Cassville de la municipalité de Stanstead-Est.</p><p>Ce bien est cité immeuble patrimonial. La protection s'applique à l'enveloppe extérieure du bâtiment.</p></div>
			</div>
			<div type="notes">
				<head>Notes</head>
				<note n="1" type="scholarlyNote">The poem has a suggestion of the magical imagery of Kenneth Leslie?s By Stubborn Stars.</note>
				<note n="2" type="scholarlyNote">The <title ref="http://viaf.org/viaf/179269842" level="m">Oxford Dictionary of National Biography</title> argues the author did not publish this text before<date cert="high" when="1934">1934</date>.</note>
				<note n="3" type="scholarlyNote">Sample footnote.</note>
			</div>
			<div type="annotations">
				<head>Annotations and Keywords</head>
				<note type="researchNote">These annotations can be added to the prose content or in a separate section</note>
				<note type="link">Poem featured in <ref target="http://cufts2.lib.sfu.ca/CRDB4/BVAS/resource/5724">Canada's Early Women Writers</ref>
				</note>
				<note type="keyword">Sample annotation</note>
				<note type="correction">Sample correction</note>
				<note type="indexTerm">Sample index term</note>
				<note type="translation">Sample translation</note>
			</div>
			<div type="works">
				<head>
					<choice><sic>
						 Works Cited  
						
					</sic><corr>Bibliography</corr></choice>
				</head>
				<note>The New Monthly Magazine. Alternate Titles: The New Monthly Magazine and Universal Register; The New Monthly Magazine and Literary Journal; Colburn's New Monthly Magazine; The New Monthly Magazine and Humorist.London:H. Colburn;<orgName cert="medium" ref="http://viaf.org/viaf/151283596">Chapman and Hall</orgName>;John Bale and Sons,1814-1884.</note>
				<note>Sample bibliographic record: <persName cert="high" type="real" ref="http://viaf.org/viaf/78272387">McLaren, Floris Clark</persName>. Glimpse. Canadian Poetry Magazine1.1(1936):23.</note>
				<note>Sample bibliographic record: McLaren, Floris Clark. Glimpse. Canadian Poetry Magazine1.1(1936):23.Volume I: 1450-1625, Volume II: 1625-1700, Volume III: 1700-1800, Volume IV: 1800-1900, Volume V: Indexes of Titles, First Lines, Names, Repositories</note>
			</div>
		</body>
	</text>
</TEI>