<?xml version="1.0" encoding="UTF-8"?>
<?xml-model href="https://tei-c.org/release/xml/tei/custom/schema/relaxng/tei_all.rng" type="application/xml" schematypens="http://relaxng.org/ns/structure/1.0"?>
<?xml-stylesheet type="text/css" href="https://cwrc.ca/templates/css/tei.css"?>
<TEI xmlns="http://www.tei-c.org/ns/1.0" xmlns:rdf="http://www.w3.org/1999/02/22-rdf-syntax-ns#">
	
	<teiHeader><fileDesc>
			<titleStmt>
				<title>MONA Heritage data test</title>
			</titleStmt>
			<publicationStmt>
				<p/>
			</publicationStmt>
			<notesStmt>
				<note type="abstract">Descriptions of heritage data in MONA</note>
			</notesStmt>
			<sourceDesc sameAs="http://www.cwrc.ca">
				<p>Created from 5 open dataset by MCC on donneesquebec.</p>
			</sourceDesc>
		</fileDesc><xenoData><rdf:RDF xmlns:rdf="http://www.w3.org/1999/02/22-rdf-syntax-ns#" xmlns:rdfs="http://www.w3.org/2000/01/rdf-schema#" xmlns:as="http://www.w3.org/ns/activitystreams#" xmlns:cwrc="http://sparql.cwrc.ca/ontologies/cwrc#" xmlns:dc="http://purl.org/dc/elements/1.1/" xmlns:dcterms="http://purl.org/dc/terms/" xmlns:foaf="http://xmlns.com/foaf/0.1/" xmlns:geo="http://www.geonames.org/ontology#" xmlns:oa="http://www.w3.org/ns/oa#" xmlns:schema="http://schema.org/" xmlns:xsd="http://www.w3.org/2001/XMLSchema#" xmlns:fabio="https://purl.org/spar/fabio#" xmlns:bf="http://www.openlinksw.com/schemas/bif#" xmlns:cito="https://sparontologies.github.io/cito/current/cito.html#" xmlns:org="http://www.w3.org/ns/org#"/></xenoData></teiHeader>
	<text>
		<body>
			<div cert="high" org="composite" part="Y" sample="initial" type="prose" xml:space="default" xml:id="1">
				<head>Hôtel de ville</head><div cert="high" org="composite" part="Y" sample="initial" type="synthesis" xml:space="default"><p/><p>Le hameau de Cassville est fondé en 1799 par un groupe formé à <placeName cert="low" evidence="internal" full="yes" instant="unknown" xml:space="default">Epson</placeName>, au New Hampshire. Les " <persName>Nine Partners</persName> " incluent les trois frères Cass, qui donnent leur nom à l'emplacement. De foi protestante, le groupe construit rapidement les deux édifices constituant le coeur du village, soit l'église méthodiste (1806) et l'école (1817).</p><p>L'hôtel de ville, servant à l'origine d'école, aurait été construit par corvées, sur une propriété privée. L'école fonctionne grâce aux frais de scolarité et aux contributions volontaires des parents. En 1829, le gouvernement du Bas-Canada promulgue la Loi des écoles de syndics, ce qui permet l'octroi de subventions couvrant le salaire des maîtres, dont profite l'école de Cassville. Le nombre d'élèves augmente rapidement, et l'école jouit d'une bonne réputation; elle acquiert le statut d'académie en 1856. Une subvention importante est alors versée, incluant des fonds pour construire un nouvel édifice, ce qui ne sera jamais réalisé. Dès 1859, les élèves francophones sont admis à l'académie. À partir de 1861, le nombre d'élèves décroît. En 1871, l'institution redevient une simple école élémentaire. En 1875, l'école devient publique à la suite de son achat par la Corporation des commissaires d'écoles du Canton de Stanstead. Le nombre d'élèves diminue au point où l'école ferme en 1913. En 1917, la commission scolaire catholique loue l'édifice. Il est ouvert pour les protestants en 1920 et en 1921, puis est à nouveau loué par la commission scolaire catholique en 1923.</p><p>En 1929, la population vote une résolution pour que l'hôtel de ville, servant encore d'école, soit utilisé comme centre communautaire. Le grenier, utilisé autrefois pour héberger l'enseignant et quelques pensionnaires, est occupé par l'<orgName cert="medium">Independent Order of Good Temperance</orgName>, la <orgName>société d'histoire</orgName>, puis par le Women's Institute. La commission scolaire catholique loue à nouveau l'édifice de 1942 à 1953.</p><p>En 1947, la commission scolaire protestante vend l'édifice à la Corporation municipale de Stanstead-Est. Le grenier est utilisé durant quelques années pour les réunions municipales, les danses et les événements sociaux. En 1950, l'édifice commence à servir d'hôtel de ville. En 1987, la démolition de l'hôtel de ville est considérée afin de permettre la construction d'un nouvel édifice municipal.</p><p>L'hôtel de ville est cité en 1988. La même année, des réparations sont faites aux fondations. En 1989, des travaux sont effectués pour réparer le perron, repeindre l'extérieur de l'édifice et remplacer les fenêtres. Le bâtiment sert encore d'hôtel de ville pour la municipalité de Stanstead-Est.</p></div><div cert="high" org="composite" part="Y" sample="initial" type="description" xml:space="default"><p>L'hôtel de ville est un édifice scolaire bâti en 1817. Le bâtiment en bois, de plan rectangulaire, compte un étage et demi et est coiffé d'un toit à deux versants droits. Aménagée dans l'un des murs pignons, la façade principale comporte un porche dans-oeuvre surmonté de deux fenêtres rectangulaires. Une annexe est construite à l'arrière de l'édifice. L'hôtel de ville est situé légèrement en retrait de la voie publique, dans le lieu-dit de Cassville de la municipalité de Stanstead-Est.</p><p>Ce bien est cité immeuble patrimonial. La protection s'applique à l'enveloppe extérieure du bâtiment.</p><p/></div>
			</div>
			
			
			
		<div cert="high" org="composite" part="Y" sample="initial" type="prose" xml:space="default" xml:id="1">
				<head>Hôtel de ville</head><div cert="high" org="composite" part="Y" sample="initial" type="synthesis" xml:space="default"><p/><p>Le hameau de Cassville est fondé en 1799 par un groupe formé à <placeName cert="low" evidence="internal" full="yes" instant="unknown" xml:space="default">Epson</placeName>, au New Hampshire. Les " <persName>Nine Partners</persName> " incluent les trois frères Cass, qui donnent leur nom à l'emplacement. De foi protestante, le groupe construit rapidement les deux édifices constituant le coeur du village, soit l'église méthodiste (1806) et l'école (1817).</p><p>L'hôtel de ville, servant à l'origine d'école, aurait été construit par corvées, sur une propriété privée. L'école fonctionne grâce aux frais de scolarité et aux contributions volontaires des parents. En 1829, le gouvernement du Bas-Canada promulgue la Loi des écoles de syndics, ce qui permet l'octroi de subventions couvrant le salaire des maîtres, dont profite l'école de Cassville. Le nombre d'élèves augmente rapidement, et l'école jouit d'une bonne réputation; elle acquiert le statut d'académie en 1856. Une subvention importante est alors versée, incluant des fonds pour construire un nouvel édifice, ce qui ne sera jamais réalisé. Dès 1859, les élèves francophones sont admis à l'académie. À partir de 1861, le nombre d'élèves décroît. En 1871, l'institution redevient une simple école élémentaire. En 1875, l'école devient publique à la suite de son achat par la Corporation des commissaires d'écoles du Canton de Stanstead. Le nombre d'élèves diminue au point où l'école ferme en 1913. En 1917, la commission scolaire catholique loue l'édifice. Il est ouvert pour les protestants en 1920 et en 1921, puis est à nouveau loué par la commission scolaire catholique en 1923.</p><p>En 1929, la population vote une résolution pour que l'hôtel de ville, servant encore d'école, soit utilisé comme centre communautaire. Le grenier, utilisé autrefois pour héberger l'enseignant et quelques pensionnaires, est occupé par l'<orgName cert="medium">Independent Order of Good Temperance</orgName>, la <orgName>société d'histoire</orgName>, puis par le Women's Institute. La commission scolaire catholique loue à nouveau l'édifice de 1942 à 1953.</p><p>En 1947, la commission scolaire protestante vend l'édifice à la Corporation municipale de Stanstead-Est. Le grenier est utilisé durant quelques années pour les réunions municipales, les danses et les événements sociaux. En 1950, l'édifice commence à servir d'hôtel de ville. En 1987, la démolition de l'hôtel de ville est considérée afin de permettre la construction d'un nouvel édifice municipal.</p><p>L'hôtel de ville est cité en 1988. La même année, des réparations sont faites aux fondations. En 1989, des travaux sont effectués pour réparer le perron, repeindre l'extérieur de l'édifice et remplacer les fenêtres. Le bâtiment sert encore d'hôtel de ville pour la municipalité de Stanstead-Est.</p></div><div cert="high" org="composite" part="Y" sample="initial" type="description" xml:space="default"><p>L'hôtel de ville est un édifice scolaire bâti en 1817. Le bâtiment en bois, de plan rectangulaire, compte un étage et demi et est coiffé d'un toit à deux versants droits. Aménagée dans l'un des murs pignons, la façade principale comporte un porche dans-oeuvre surmonté de deux fenêtres rectangulaires. Une annexe est construite à l'arrière de l'édifice. L'hôtel de ville est situé légèrement en retrait de la voie publique, dans le lieu-dit de Cassville de la municipalité de Stanstead-Est.</p><p>Ce bien est cité immeuble patrimonial. La protection s'applique à l'enveloppe extérieure du bâtiment.</p><p/></div>
			</div></body>
	</text>
</TEI>