<?xml version="1.0" encoding="UTF-8"?>
<?xml-model href="https://tei-c.org/release/xml/tei/custom/schema/relaxng/tei_all.rng" type="application/xml" schematypens="http://relaxng.org/ns/structure/1.0"?>
<?xml-stylesheet type="text/css" href="https://cwrc.ca/templates/css/tei.css"?>
<TEI xmlns="http://www.tei-c.org/ns/1.0" xmlns:rdf="http://www.w3.org/1999/02/22-rdf-syntax-ns#">
	
	<teiHeader><fileDesc>
			<titleStmt>
				<title>MONA Heritage data test</title>
			</titleStmt>
			<publicationStmt>
				<p/>
			</publicationStmt>
			<notesStmt>
				<note type="abstract">Descriptions of heritage data in MONA</note>
			</notesStmt>
			<sourceDesc sameAs="http://www.cwrc.ca">
				<p>Created from 5 open dataset by MCC on donneesquebec.</p>
			</sourceDesc>
		</fileDesc><xenoData><rdf:RDF xmlns:rdf="http://www.w3.org/1999/02/22-rdf-syntax-ns#" xmlns:rdfs="http://www.w3.org/2000/01/rdf-schema#" xmlns:as="http://www.w3.org/ns/activitystreams#" xmlns:cwrc="http://sparql.cwrc.ca/ontologies/cwrc#" xmlns:dc="http://purl.org/dc/elements/1.1/" xmlns:dcterms="http://purl.org/dc/terms/" xmlns:foaf="http://xmlns.com/foaf/0.1/" xmlns:geo="http://www.geonames.org/ontology#" xmlns:oa="http://www.w3.org/ns/oa#" xmlns:schema="http://schema.org/" xmlns:xsd="http://www.w3.org/2001/XMLSchema#" xmlns:fabio="https://purl.org/spar/fabio#" xmlns:bf="http://www.openlinksw.com/schemas/bif#" xmlns:cito="https://sparontologies.github.io/cito/current/cito.html#" xmlns:org="http://www.w3.org/ns/org#">
        <rdf:Description rdf:datatype="http://www.w3.org/TR/json-ld/">
          <![CDATA[{
	"@context": {
		"dcterms:created": {
			"@type": "xsd:dateTime",
			"@id": "dcterms:created"
		},
		"dcterms:issued": {
			"@type": "xsd:dateTime",
			"@id": "dcterms:issued"
		},
		"oa:motivatedBy": {
			"@type": "oa:Motivation"
		},
		"@language": "en",
		"rdf": "http://www.w3.org/1999/02/22-rdf-syntax-ns#",
		"rdfs": "http://www.w3.org/2000/01/rdf-schema#",
		"as": "http://www.w3.org/ns/activitystreams#",
		"cwrc": "http://sparql.cwrc.ca/ontologies/cwrc#",
		"dc": "http://purl.org/dc/elements/1.1/",
		"dcterms": "http://purl.org/dc/terms/",
		"foaf": "http://xmlns.com/foaf/0.1/",
		"geo": "http://www.geonames.org/ontology#",
		"oa": "http://www.w3.org/ns/oa#",
		"schema": "http://schema.org/",
		"xsd": "http://www.w3.org/2001/XMLSchema#",
		"fabio": "https://purl.org/spar/fabio#",
		"bf": "http://www.openlinksw.com/schemas/bif#",
		"cito": "https://sparontologies.github.io/cito/current/cito.html#",
		"org": "http://www.w3.org/ns/org#"
	},
	"id": "https://raw.githubusercontent.com/lenaMK/leaf-training/main/getting_started/test-MONA-heritages-1.xml?date_annotation_20230511145258083",
	"type": "oa:Annotation",
	"dcterms:created": "2023-05-11T18:52:58.083Z",
	"dcterms:modified": "2023-05-11T18:52:58.083Z",
	"dcterms:creator": {
		"@id": "https://github.com/lenaMK",
		"@type": [
			"cwrc:NaturalPerson",
			"schema:Person"
		],
		"cwrc:hasName": "Lena Krause"
	},
	"oa:motivatedBy": "oa:identifying",
	"oa:hasTarget": {
		"@id": "https://raw.githubusercontent.com/lenaMK/leaf-training/main/getting_started/test-MONA-heritages-1.xml?date_annotation_20230511145258083#Target",
		"@type": "oa:SpecificResource",
		"oa:hasSource": {
			"@id": "https://raw.githubusercontent.com/lenaMK/leaf-training/main/getting_started/test-MONA-heritages-1.xml",
			"@type": "dctypes:Text",
			"dc:format": "text/xml"
		},
		"oa:renderedVia": {
			"@id": "https://leaf-writer.leaf-vre.org",
			"@type": "as:Application",
			"rdfs:label": "LEAF-Writer",
			"schema:softwareVersion": "3.0.1"
		},
		"oa:hasSelector": {
			"@id": "https://raw.githubusercontent.com/lenaMK/leaf-training/main/getting_started/test-MONA-heritages-1.xml?date_annotation_20230511145258083#Selector",
			"@type": "oa:XPathSelector",
			"rdf:value": "TEI/text/body/div/div/p[3]/date[5]"
		}
	},
	"oa:hasBody": {
		"@type": "xsd:date",
		"rdf:value": "1921"
	},
	"as:generator": {
		"@id": "https://leaf-writer.leaf-vre.org",
		"@type": "as:Application",
		"rdfs:label": "LEAF-Writer",
		"schema:url": "https://leaf-writer.lincsproject.ca/",
		"schema:softwareVersion": "3.0.1"
	}
}]]>
        </rdf:Description>
      
        <rdf:Description rdf:datatype="http://www.w3.org/TR/json-ld/">
          <![CDATA[{
	"@context": {
		"dcterms:created": {
			"@type": "xsd:dateTime",
			"@id": "dcterms:created"
		},
		"dcterms:issued": {
			"@type": "xsd:dateTime",
			"@id": "dcterms:issued"
		},
		"oa:motivatedBy": {
			"@type": "oa:Motivation"
		},
		"@language": "en",
		"rdf": "http://www.w3.org/1999/02/22-rdf-syntax-ns#",
		"rdfs": "http://www.w3.org/2000/01/rdf-schema#",
		"as": "http://www.w3.org/ns/activitystreams#",
		"cwrc": "http://sparql.cwrc.ca/ontologies/cwrc#",
		"dc": "http://purl.org/dc/elements/1.1/",
		"dcterms": "http://purl.org/dc/terms/",
		"foaf": "http://xmlns.com/foaf/0.1/",
		"geo": "http://www.geonames.org/ontology#",
		"oa": "http://www.w3.org/ns/oa#",
		"schema": "http://schema.org/",
		"xsd": "http://www.w3.org/2001/XMLSchema#",
		"fabio": "https://purl.org/spar/fabio#",
		"bf": "http://www.openlinksw.com/schemas/bif#",
		"cito": "https://sparontologies.github.io/cito/current/cito.html#",
		"org": "http://www.w3.org/ns/org#"
	},
	"id": "https://raw.githubusercontent.com/lenaMK/leaf-training/main/getting_started/test-MONA-heritages-1.xml?date_annotation_20230511145302466",
	"type": "oa:Annotation",
	"dcterms:created": "2023-05-11T18:53:02.466Z",
	"dcterms:modified": "2023-05-11T18:53:02.466Z",
	"dcterms:creator": {
		"@id": "https://github.com/lenaMK",
		"@type": [
			"cwrc:NaturalPerson",
			"schema:Person"
		],
		"cwrc:hasName": "Lena Krause"
	},
	"oa:motivatedBy": "oa:identifying",
	"oa:hasTarget": {
		"@id": "https://raw.githubusercontent.com/lenaMK/leaf-training/main/getting_started/test-MONA-heritages-1.xml?date_annotation_20230511145302466#Target",
		"@type": "oa:SpecificResource",
		"oa:hasSource": {
			"@id": "https://raw.githubusercontent.com/lenaMK/leaf-training/main/getting_started/test-MONA-heritages-1.xml",
			"@type": "dctypes:Text",
			"dc:format": "text/xml"
		},
		"oa:renderedVia": {
			"@id": "https://leaf-writer.leaf-vre.org",
			"@type": "as:Application",
			"rdfs:label": "LEAF-Writer",
			"schema:softwareVersion": "3.0.1"
		},
		"oa:hasSelector": {
			"@id": "https://raw.githubusercontent.com/lenaMK/leaf-training/main/getting_started/test-MONA-heritages-1.xml?date_annotation_20230511145302466#Selector",
			"@type": "oa:XPathSelector",
			"rdf:value": "TEI/text/body/div/div/p[3]/date[6]"
		}
	},
	"oa:hasBody": {
		"@type": "xsd:date",
		"rdf:value": "1922"
	},
	"as:generator": {
		"@id": "https://leaf-writer.leaf-vre.org",
		"@type": "as:Application",
		"rdfs:label": "LEAF-Writer",
		"schema:url": "https://leaf-writer.lincsproject.ca/",
		"schema:softwareVersion": "3.0.1"
	}
}]]>
        </rdf:Description>
      
        <rdf:Description rdf:datatype="http://www.w3.org/TR/json-ld/">
          <![CDATA[{
	"@context": {
		"dcterms:created": {
			"@type": "xsd:dateTime",
			"@id": "dcterms:created"
		},
		"dcterms:issued": {
			"@type": "xsd:dateTime",
			"@id": "dcterms:issued"
		},
		"oa:motivatedBy": {
			"@type": "oa:Motivation"
		},
		"@language": "en",
		"rdf": "http://www.w3.org/1999/02/22-rdf-syntax-ns#",
		"rdfs": "http://www.w3.org/2000/01/rdf-schema#",
		"as": "http://www.w3.org/ns/activitystreams#",
		"cwrc": "http://sparql.cwrc.ca/ontologies/cwrc#",
		"dc": "http://purl.org/dc/elements/1.1/",
		"dcterms": "http://purl.org/dc/terms/",
		"foaf": "http://xmlns.com/foaf/0.1/",
		"geo": "http://www.geonames.org/ontology#",
		"oa": "http://www.w3.org/ns/oa#",
		"schema": "http://schema.org/",
		"xsd": "http://www.w3.org/2001/XMLSchema#",
		"fabio": "https://purl.org/spar/fabio#",
		"bf": "http://www.openlinksw.com/schemas/bif#",
		"cito": "https://sparontologies.github.io/cito/current/cito.html#",
		"org": "http://www.w3.org/ns/org#"
	},
	"id": "https://raw.githubusercontent.com/lenaMK/leaf-training/main/getting_started/test-MONA-heritages-1.xml?date_annotation_20230511145313698",
	"type": "oa:Annotation",
	"dcterms:created": "2023-05-11T18:53:13.698Z",
	"dcterms:modified": "2023-05-11T18:53:13.698Z",
	"dcterms:creator": {
		"@id": "https://github.com/lenaMK",
		"@type": [
			"cwrc:NaturalPerson",
			"schema:Person"
		],
		"cwrc:hasName": "Lena Krause"
	},
	"oa:motivatedBy": "oa:identifying",
	"oa:hasTarget": {
		"@id": "https://raw.githubusercontent.com/lenaMK/leaf-training/main/getting_started/test-MONA-heritages-1.xml?date_annotation_20230511145313698#Target",
		"@type": "oa:SpecificResource",
		"oa:hasSource": {
			"@id": "https://raw.githubusercontent.com/lenaMK/leaf-training/main/getting_started/test-MONA-heritages-1.xml",
			"@type": "dctypes:Text",
			"dc:format": "text/xml"
		},
		"oa:renderedVia": {
			"@id": "https://leaf-writer.leaf-vre.org",
			"@type": "as:Application",
			"rdfs:label": "LEAF-Writer",
			"schema:softwareVersion": "3.0.1"
		},
		"oa:hasSelector": {
			"@id": "https://raw.githubusercontent.com/lenaMK/leaf-training/main/getting_started/test-MONA-heritages-1.xml?date_annotation_20230511145313698#Selector",
			"@type": "oa:XPathSelector",
			"rdf:value": "TEI/text/body/div/div/p[3]/date"
		}
	},
	"oa:hasBody": {
		"@type": "xsd:date",
		"rdf:value": "1860"
	},
	"as:generator": {
		"@id": "https://leaf-writer.leaf-vre.org",
		"@type": "as:Application",
		"rdfs:label": "LEAF-Writer",
		"schema:url": "https://leaf-writer.lincsproject.ca/",
		"schema:softwareVersion": "3.0.1"
	}
}]]>
        </rdf:Description>
      
        <rdf:Description rdf:datatype="http://www.w3.org/TR/json-ld/">
          <![CDATA[{
	"@context": {
		"dcterms:created": {
			"@type": "xsd:dateTime",
			"@id": "dcterms:created"
		},
		"dcterms:issued": {
			"@type": "xsd:dateTime",
			"@id": "dcterms:issued"
		},
		"oa:motivatedBy": {
			"@type": "oa:Motivation"
		},
		"@language": "en",
		"rdf": "http://www.w3.org/1999/02/22-rdf-syntax-ns#",
		"rdfs": "http://www.w3.org/2000/01/rdf-schema#",
		"as": "http://www.w3.org/ns/activitystreams#",
		"cwrc": "http://sparql.cwrc.ca/ontologies/cwrc#",
		"dc": "http://purl.org/dc/elements/1.1/",
		"dcterms": "http://purl.org/dc/terms/",
		"foaf": "http://xmlns.com/foaf/0.1/",
		"geo": "http://www.geonames.org/ontology#",
		"oa": "http://www.w3.org/ns/oa#",
		"schema": "http://schema.org/",
		"xsd": "http://www.w3.org/2001/XMLSchema#",
		"fabio": "https://purl.org/spar/fabio#",
		"bf": "http://www.openlinksw.com/schemas/bif#",
		"cito": "https://sparontologies.github.io/cito/current/cito.html#",
		"org": "http://www.w3.org/ns/org#"
	},
	"id": "https://raw.githubusercontent.com/lenaMK/leaf-training/main/getting_started/test-MONA-heritages-1.xml?date_annotation_20230511145318541",
	"type": "oa:Annotation",
	"dcterms:created": "2023-05-11T18:53:18.541Z",
	"dcterms:modified": "2023-05-11T18:53:18.541Z",
	"dcterms:creator": {
		"@id": "https://github.com/lenaMK",
		"@type": [
			"cwrc:NaturalPerson",
			"schema:Person"
		],
		"cwrc:hasName": "Lena Krause"
	},
	"oa:motivatedBy": "oa:identifying",
	"oa:hasTarget": {
		"@id": "https://raw.githubusercontent.com/lenaMK/leaf-training/main/getting_started/test-MONA-heritages-1.xml?date_annotation_20230511145318541#Target",
		"@type": "oa:SpecificResource",
		"oa:hasSource": {
			"@id": "https://raw.githubusercontent.com/lenaMK/leaf-training/main/getting_started/test-MONA-heritages-1.xml",
			"@type": "dctypes:Text",
			"dc:format": "text/xml"
		},
		"oa:renderedVia": {
			"@id": "https://leaf-writer.leaf-vre.org",
			"@type": "as:Application",
			"rdfs:label": "LEAF-Writer",
			"schema:softwareVersion": "3.0.1"
		},
		"oa:hasSelector": {
			"@id": "https://raw.githubusercontent.com/lenaMK/leaf-training/main/getting_started/test-MONA-heritages-1.xml?date_annotation_20230511145318541#Selector",
			"@type": "oa:XPathSelector",
			"rdf:value": "TEI/text/body/div/div/p[3]/date[2]"
		}
	},
	"oa:hasBody": {
		"@type": "xsd:date",
		"rdf:value": "1876"
	},
	"as:generator": {
		"@id": "https://leaf-writer.leaf-vre.org",
		"@type": "as:Application",
		"rdfs:label": "LEAF-Writer",
		"schema:url": "https://leaf-writer.lincsproject.ca/",
		"schema:softwareVersion": "3.0.1"
	}
}]]>
        </rdf:Description>
      
        <rdf:Description rdf:datatype="http://www.w3.org/TR/json-ld/">
          <![CDATA[{
	"@context": {
		"dcterms:created": {
			"@type": "xsd:dateTime",
			"@id": "dcterms:created"
		},
		"dcterms:issued": {
			"@type": "xsd:dateTime",
			"@id": "dcterms:issued"
		},
		"oa:motivatedBy": {
			"@type": "oa:Motivation"
		},
		"@language": "en",
		"rdf": "http://www.w3.org/1999/02/22-rdf-syntax-ns#",
		"rdfs": "http://www.w3.org/2000/01/rdf-schema#",
		"as": "http://www.w3.org/ns/activitystreams#",
		"cwrc": "http://sparql.cwrc.ca/ontologies/cwrc#",
		"dc": "http://purl.org/dc/elements/1.1/",
		"dcterms": "http://purl.org/dc/terms/",
		"foaf": "http://xmlns.com/foaf/0.1/",
		"geo": "http://www.geonames.org/ontology#",
		"oa": "http://www.w3.org/ns/oa#",
		"schema": "http://schema.org/",
		"xsd": "http://www.w3.org/2001/XMLSchema#",
		"fabio": "https://purl.org/spar/fabio#",
		"bf": "http://www.openlinksw.com/schemas/bif#",
		"cito": "https://sparontologies.github.io/cito/current/cito.html#",
		"org": "http://www.w3.org/ns/org#"
	},
	"id": "https://raw.githubusercontent.com/lenaMK/leaf-training/main/getting_started/test-MONA-heritages-1.xml?date_annotation_20230511145322635",
	"type": "oa:Annotation",
	"dcterms:created": "2023-05-11T18:53:22.635Z",
	"dcterms:modified": "2023-05-11T18:53:22.635Z",
	"dcterms:creator": {
		"@id": "https://github.com/lenaMK",
		"@type": [
			"cwrc:NaturalPerson",
			"schema:Person"
		],
		"cwrc:hasName": "Lena Krause"
	},
	"oa:motivatedBy": "oa:identifying",
	"oa:hasTarget": {
		"@id": "https://raw.githubusercontent.com/lenaMK/leaf-training/main/getting_started/test-MONA-heritages-1.xml?date_annotation_20230511145322635#Target",
		"@type": "oa:SpecificResource",
		"oa:hasSource": {
			"@id": "https://raw.githubusercontent.com/lenaMK/leaf-training/main/getting_started/test-MONA-heritages-1.xml",
			"@type": "dctypes:Text",
			"dc:format": "text/xml"
		},
		"oa:renderedVia": {
			"@id": "https://leaf-writer.leaf-vre.org",
			"@type": "as:Application",
			"rdfs:label": "LEAF-Writer",
			"schema:softwareVersion": "3.0.1"
		},
		"oa:hasSelector": {
			"@id": "https://raw.githubusercontent.com/lenaMK/leaf-training/main/getting_started/test-MONA-heritages-1.xml?date_annotation_20230511145322635#Selector",
			"@type": "oa:XPathSelector",
			"rdf:value": "TEI/text/body/div/div/p[3]/date[3]"
		}
	},
	"oa:hasBody": {
		"@type": "xsd:date",
		"rdf:value": "1914"
	},
	"as:generator": {
		"@id": "https://leaf-writer.leaf-vre.org",
		"@type": "as:Application",
		"rdfs:label": "LEAF-Writer",
		"schema:url": "https://leaf-writer.lincsproject.ca/",
		"schema:softwareVersion": "3.0.1"
	}
}]]>
        </rdf:Description>
      
        <rdf:Description rdf:datatype="http://www.w3.org/TR/json-ld/">
          <![CDATA[{
	"@context": {
		"dcterms:created": {
			"@type": "xsd:dateTime",
			"@id": "dcterms:created"
		},
		"dcterms:issued": {
			"@type": "xsd:dateTime",
			"@id": "dcterms:issued"
		},
		"oa:motivatedBy": {
			"@type": "oa:Motivation"
		},
		"@language": "en",
		"rdf": "http://www.w3.org/1999/02/22-rdf-syntax-ns#",
		"rdfs": "http://www.w3.org/2000/01/rdf-schema#",
		"as": "http://www.w3.org/ns/activitystreams#",
		"cwrc": "http://sparql.cwrc.ca/ontologies/cwrc#",
		"dc": "http://purl.org/dc/elements/1.1/",
		"dcterms": "http://purl.org/dc/terms/",
		"foaf": "http://xmlns.com/foaf/0.1/",
		"geo": "http://www.geonames.org/ontology#",
		"oa": "http://www.w3.org/ns/oa#",
		"schema": "http://schema.org/",
		"xsd": "http://www.w3.org/2001/XMLSchema#",
		"fabio": "https://purl.org/spar/fabio#",
		"bf": "http://www.openlinksw.com/schemas/bif#",
		"cito": "https://sparontologies.github.io/cito/current/cito.html#",
		"org": "http://www.w3.org/ns/org#"
	},
	"id": "https://raw.githubusercontent.com/lenaMK/leaf-training/main/getting_started/test-MONA-heritages-1.xml?date_annotation_20230511145326203",
	"type": "oa:Annotation",
	"dcterms:created": "2023-05-11T18:53:26.203Z",
	"dcterms:modified": "2023-05-11T18:53:26.203Z",
	"dcterms:creator": {
		"@id": "https://github.com/lenaMK",
		"@type": [
			"cwrc:NaturalPerson",
			"schema:Person"
		],
		"cwrc:hasName": "Lena Krause"
	},
	"oa:motivatedBy": "oa:identifying",
	"oa:hasTarget": {
		"@id": "https://raw.githubusercontent.com/lenaMK/leaf-training/main/getting_started/test-MONA-heritages-1.xml?date_annotation_20230511145326203#Target",
		"@type": "oa:SpecificResource",
		"oa:hasSource": {
			"@id": "https://raw.githubusercontent.com/lenaMK/leaf-training/main/getting_started/test-MONA-heritages-1.xml",
			"@type": "dctypes:Text",
			"dc:format": "text/xml"
		},
		"oa:renderedVia": {
			"@id": "https://leaf-writer.leaf-vre.org",
			"@type": "as:Application",
			"rdfs:label": "LEAF-Writer",
			"schema:softwareVersion": "3.0.1"
		},
		"oa:hasSelector": {
			"@id": "https://raw.githubusercontent.com/lenaMK/leaf-training/main/getting_started/test-MONA-heritages-1.xml?date_annotation_20230511145326203#Selector",
			"@type": "oa:XPathSelector",
			"rdf:value": "TEI/text/body/div/div/p[3]/date[4]"
		}
	},
	"oa:hasBody": {
		"@type": "xsd:date",
		"rdf:value": "1918"
	},
	"as:generator": {
		"@id": "https://leaf-writer.leaf-vre.org",
		"@type": "as:Application",
		"rdfs:label": "LEAF-Writer",
		"schema:url": "https://leaf-writer.lincsproject.ca/",
		"schema:softwareVersion": "3.0.1"
	}
}]]>
        </rdf:Description>
      </rdf:RDF></xenoData></teiHeader>
	<text>
		<body>
			<div cert="high" org="composite" part="Y" sample="initial" type="prose" xml:space="default" xml:id="1">
				<head>Hôtel de ville</head><div cert="high" org="composite" part="Y" sample="initial" type="synthesis" xml:space="default"><p/><p>Le hameau de Cassville est fondé en 1799 par un groupe formé à <placeName cert="low" evidence="internal" full="yes" instant="unknown" xml:space="default">Epson</placeName>, au New Hampshire. Les " <persName>Nine Partners</persName> " incluent les trois frères Cass, qui donnent leur nom à l'emplacement. De foi protestante, le groupe construit rapidement les deux édifices constituant le coeur du village, soit l'église méthodiste (1806) et l'école (1817).</p><p>L'hôtel de ville, servant à l'origine d'école, aurait été construit par corvées, sur une propriété privée. L'école fonctionne grâce aux frais de scolarité et aux contributions volontaires des parents. En 1829, le gouvernement du Bas-Canada promulgue la Loi des écoles de syndics, ce qui permet l'octroi de subventions couvrant le salaire des maîtres, dont profite l'école de Cassville. Le nombre d'élèves augmente rapidement, et l'école jouit d'une bonne réputation; elle acquiert le statut d'académie en 1856. Une subvention importante est alors versée, incluant des fonds pour construire un nouvel édifice, ce qui ne sera jamais réalisé. Dès <date when="1860">1859</date>, les élèves francophones sont admis à l'académie. À partir de 1861, le nombre d'élèves décroît. En 1871, l'institution redevient une simple école élémentaire. En <date when="1876">1875</date>, l'école devient publique à la suite de son achat par la Corporation des commissaires d'écoles du Canton de Stanstead. Le nombre d'élèves diminue au point où l'école ferme en <date when="1914">1913</date>. En <date when="1918">1917</date>, la commission scolaire catholique loue l'édifice. Il est ouvert pour les protestants en <date when="1921">1920</date> et en <date when="1922">1921</date>, puis est à nouveau loué par la commission scolaire catholique en 1923.</p><p>En 1929, la population vote une résolution pour que l'hôtel de ville, servant encore d'école, soit utilisé comme centre communautaire. Le grenier, utilisé autrefois pour héberger l'enseignant et quelques pensionnaires, est occupé par l'<orgName cert="medium">Independent Order of Good Temperance</orgName>, la <orgName>société d'histoire</orgName>, puis par le Women's Institute. La commission scolaire catholique loue à nouveau l'édifice de 1942 à 1953.</p><p>En 1947, la commission scolaire protestante vend l'édifice à la Corporation municipale de Stanstead-Est. Le grenier est utilisé durant quelques années pour les réunions municipales, les danses et les événements sociaux. En 1950, l'édifice commence à servir d'hôtel de ville. En 1987, la démolition de l'hôtel de ville est considérée afin de permettre la construction d'un nouvel édifice municipal.</p><p>L'hôtel de ville est cité en 1988. La même année, des réparations sont faites aux fondations. En 1989, des travaux sont effectués pour réparer le perron, repeindre l'extérieur de l'édifice et remplacer les fenêtres. Le bâtiment sert encore d'hôtel de ville pour la municipalité de Stanstead-Est.</p></div><div cert="high" org="composite" part="Y" sample="initial" xml:space="default" type="description"><p>L'hôtel de ville est un édifice scolaire bâti en 1817. Le bâtiment en bois, de plan rectangulaire, compte un étage et demi et est coiffé d'un toit à deux versants droits. Aménagée dans l'un des murs pignons, la façade principale comporte un porche dans-oeuvre surmonté de deux fenêtres rectangulaires. Une annexe est construite à l'arrière de l'édifice. L'hôtel de ville est situé légèrement en retrait de la voie publique, dans le lieu-dit de Cassville de la municipalité de Stanstead-Est.</p><p>Ce bien est cité immeuble patrimonial. La protection s'applique à l'enveloppe extérieure du bâtiment.</p><p/></div>
			</div>
			
			
			
		<div cert="high" org="composite" part="Y" sample="initial" xml:space="default" type="prose" xml:id="493">
				<head>Mausolée des Évêques-de-Trois-Rivières</head><div cert="high" org="composite" part="Y" sample="initial" type="synthesis" xml:space="default"><p/><p>Le mausolée des Évêques se situe dans le diocèse de Trois-Rivières. Ce dernier est fondé en 1852, lors d'un démembrement du diocèse de Québec. De 1854 à 1858, la cathédrale de l'Assomption est érigée. Le sous-sol de l'église sert de crypte. Plusieurs évêques, prêtres et religieux ainsi que quelques laïcs importants de la région y sont ensevelis. \n\nEn 1964, des travaux de restauration sont effectués à la cathédrale de l'Assomption. Deux salles communautaires sont aménagées au sous-sol, à l'emplacement de la crypte, nécessitant la translation des restes. Mgr Georges-Léon Pelletier (1904-1987) décide alors de faire ériger un mausolée dans le cimetière Saint-Michel pour accueillir les sépultures déplacées. Cette décision coïncide avec des travaux de réaménagement, qui prévoient la construction de monuments au centre du terrain. Le mausolée, qui comprend une chapelle funéraire extérieure de soixante places, est alors conçu par la firme Leclerc et Villemure.\n\nJean-Claude Leclerc (né en 1934) termine ses études en 1958. Il ouvre son propre bureau et engage le dessinateur Victor Pinheiro au début de la décennie 1960. L'année suivante, il s'associe avec l'architecte Roger Villemure. Lerclerc est inspiré par l'oeuvre tardive de Le Corbusier (1887-1965), qui se caractérise par ses formes expressives. Il travaille avec le chef d'atelier de ce dernier, André Wogenscky (1916-2004), lors d'un séjour en Europe. Cette influence se reflète dans ses créations, particulièrement entre 1964 et 1967. \n\nLa construction du mausolée débute à l'automne 1965 et se termine au printemps suivant. Les corps sont exhumés de la crypte, identifiés et inhumés dans leur nouveau lieu de sépulture à l'été 1966. Le mausolée abrite les sépultures de Mgr Thomas Cooke (1792-1870), premier évêque du diocèse nommé en 1852, ainsi que de ses successeurs, Mgr Louis-François Richer dit Laflèche (1818-1898), Mgr François-Xavier Cloutier (1848-1934), Mgr Alfred-Odilon Comtois (1876-1945). Les restes de 45 autres personnes, également ensevelies sous la cathédrale, sont enterrés en périphérie du monument. Parmi celles-ci se trouvent des évêques auxiliaires, des prêtres et quelques laïcs importants, dont le juge Dominique Mondelet (1798-1863), le seigneur Joseph-Michel Boucher de Niverville (1808-1870) et son fils, Louis-Charles Boucher de Niverville (1825-1869), avocat, maire et député. Le monument funéraire est inauguré au printemps 1967. Le calvaire, visible à travers une percée de la structure, est installé en 1968.\n\nAu fil des ans, les corps de 22 prêtres sont mis en terre autour du mausolée. Mgr Georges-Léon Pelletier repose auprès de ses prédécesseurs, à l'intérieur du monument qu'il a fait construire. \n\nLe mausolée des Évêques-de-Trois-Rivières est cité en 2007. Il est classé en 2009.</p></div><div cert="high" org="composite" part="Y" sample="initial" type="description" xml:space="default"><p>Le mausolée des Évêques-de-Trois-Rivières est un bâtiment religieux de tradition catholique érigé en 1965 et 1966. Cette structure en béton, inspirée par l'expressionnisme formel, présente un plan irrégulier. Elle est composée de deux parties, soit le mausolée proprement dit et une chapelle funéraire. De plan semi-ovale, le mausolée est bas, refermé et surmonté d'un toit irrégulier à deux versants. La chapelle, de forme semi-conique, est percée à sa base de larges ouvertures non cloisonnées. Le mausolée des Évêques-de-Trois-Rivières est situé au centre du cimetière Saint-Michel, dans la ville de Trois-Rivières.\n\nCe bien est classé immeuble patrimonial. Il est aussi cité immeuble patrimonial.</p><p/></div>
			</div></body>
	</text>
</TEI>